<?xml version="1.0" encoding="UTF-8"?>
<!-- Generated by org.testng.reporters.JUnitReportReporter -->
<testsuite hostname="athulraj" failures="0" tests="2" name="com.framework.apiTestCases.LoginTests" time="1.752" errors="0" timestamp="2025-04-04T23:58:24 CEST" skipped="0">
  <testcase classname="com.framework.apiTestCases.LoginTests" name="testValidUserLogin" time="0.572"/>
  <testcase classname="com.framework.apiTestCases.LoginTests" name="testInvalidUserLogin" time="1.180"/>
</testsuite> <!-- com.framework.apiTestCases.LoginTests -->
