<?xml version="1.0" encoding="UTF-8"?>
<!-- Generated by org.testng.reporters.JUnitReportReporter -->
<testsuite hostname="athulraj" failures="0" tests="3" name="com.framework.apiTestCases.SchemaTests" time="2.945" errors="0" timestamp="2025-04-04T23:58:24 CEST" skipped="0">
  <testcase classname="com.framework.apiTestCases.SchemaTests" name="testCartSchema" time="0.770"/>
  <testcase classname="com.framework.apiTestCases.SchemaTests" name="testProductSchema" time="0.470"/>
  <testcase classname="com.framework.apiTestCases.SchemaTests" name="testUserSchema" time="1.705"/>
</testsuite> <!-- com.framework.apiTestCases.SchemaTests -->
