<?xml version="1.0" encoding="UTF-8"?>
<!-- Generated by org.testng.reporters.JUnitReportReporter -->
<testsuite hostname="athulraj" failures="0" tests="4" name="allMySamplesPackage.HTTPRequests" time="1.897" errors="0" timestamp="2025-04-04T21:20:41 CEST" skipped="0">
  <testcase classname="allMySamplesPackage.HTTPRequests" name="getUsers" time="1.260"/>
  <testcase classname="allMySamplesPackage.HTTPRequests" name="createUser" time="0.304"/>
  <testcase classname="allMySamplesPackage.HTTPRequests" name="updateUser" time="0.145"/>
  <testcase classname="allMySamplesPackage.HTTPRequests" name="deleteUser" time="0.188"/>
</testsuite> <!-- allMySamplesPackage.HTTPRequests -->
