<?xml version="1.0" encoding="UTF-8"?>
<!-- Generated by org.testng.reporters.JUnitReportReporter -->
<testsuite hostname="athulraj" failures="0" tests="10" name="com.framework.apiTestCases.CartTests" time="8.820" errors="0" timestamp="2025-04-04T23:58:24 CEST" skipped="0">
  <testcase classname="com.framework.apiTestCases.CartTests" name="testGetCartsWithLimit" time="0.539"/>
  <testcase classname="com.framework.apiTestCases.CartTests" name="testUpdateCart" time="0.947"/>
  <testcase classname="com.framework.apiTestCases.CartTests" name="testGetUserCart" time="0.557"/>
  <testcase classname="com.framework.apiTestCases.CartTests" name="testDeleteCart" time="0.701"/>
  <testcase classname="com.framework.apiTestCases.CartTests" name="testGetCartsByDateRange" time="1.173"/>
  <testcase classname="com.framework.apiTestCases.CartTests" name="testGetCartsSorted" time="0.576"/>
  <testcase classname="com.framework.apiTestCases.CartTests" name="testGetCartsSortedAsc" time="2.254"/>
  <testcase classname="com.framework.apiTestCases.CartTests" name="testGetCartById" time="0.580"/>
  <testcase classname="com.framework.apiTestCases.CartTests" name="testCreateCart" time="0.491"/>
  <testcase classname="com.framework.apiTestCases.CartTests" name="testGetAllCarts" time="1.002"/>
</testsuite> <!-- com.framework.apiTestCases.CartTests -->
