<?xml version="1.0" encoding="UTF-8"?>
<!-- Generated by org.testng.reporters.JUnitReportReporter -->
<testsuite hostname="athulraj" failures="0" tests="4" name="allMySamplePackage.HTTPRequests" time="1.929" errors="0" timestamp="2025-03-30T03:08:12 CEST" skipped="0">
  <testcase classname="allMySamplePackage.HTTPRequests" name="getUsers" time="1.403"/>
  <system-out/>
  <testcase classname="allMySamplePackage.HTTPRequests" name="createUser" time="0.285"/>
  <system-out/>
  <testcase classname="allMySamplePackage.HTTPRequests" name="updateUser" time="0.122"/>
  <system-out/>
  <testcase classname="allMySamplePackage.HTTPRequests" name="deleteUser" time="0.119"/>
  <system-out/>
</testsuite> <!-- allMySamplePackage.HTTPRequests -->
